0 info it worked if it ends with ok
1 verbose cli [ '/usr/bin/nodejs',
1 verbose cli   '/usr/bin/npm',
1 verbose cli   'install',
1 verbose cli   'run/sequence',
1 verbose cli   '--save-dev' ]
2 info using npm@1.3.10
3 info using node@v0.10.25
4 verbose readDependencies using package.json deps
5 verbose cache add [ 'run/sequence', null ]
6 verbose cache add name=undefined spec="run/sequence" args=["run/sequence",null]
7 verbose parsed url { protocol: null,
7 verbose parsed url   slashes: null,
7 verbose parsed url   auth: null,
7 verbose parsed url   host: null,
7 verbose parsed url   port: null,
7 verbose parsed url   hostname: null,
7 verbose parsed url   hash: null,
7 verbose parsed url   search: null,
7 verbose parsed url   query: null,
7 verbose parsed url   pathname: 'run/sequence',
7 verbose parsed url   path: 'run/sequence',
7 verbose parsed url   href: 'run/sequence' }
8 silly lockFile 4def3978-run-sequence run/sequence
9 verbose lock run/sequence /home/test/.npm/4def3978-run-sequence.lock
10 info maybeGithub Attempting run/sequence from git://github.com/run/sequence
11 silly lockFile f91c311a-git-github-com-run-sequence git://github.com/run/sequence
12 verbose lock git://github.com/run/sequence /home/test/.npm/f91c311a-git-github-com-run-sequence.lock
13 verbose addRemoteGit [ 'git://github.com/run/sequence', 'master' ]
14 verbose git clone git://github.com/run/sequence Cloning into bare repository '/home/test/.npm/_git-remotes/git-github-com-run-sequence-f91c311a'...
14 verbose git clone git://github.com/run/sequence fatal: remote error:
14 verbose git clone git://github.com/run/sequence   Repository not found.
15 silly lockFile f91c311a-git-github-com-run-sequence git://github.com/run/sequence
16 silly lockFile f91c311a-git-github-com-run-sequence git://github.com/run/sequence
17 info maybeGithub Attempting run/sequence from git+ssh://git@github.com:run/sequence
18 silly lockFile 581ed3a3--ssh-git-github-com-run-sequence git+ssh://git@github.com:run/sequence
19 verbose lock git+ssh://git@github.com:run/sequence /home/test/.npm/581ed3a3--ssh-git-github-com-run-sequence.lock
20 verbose addRemoteGit [ 'git@github.com:run/sequence', 'master' ]
21 error git clone git@github.com:run/sequence Cloning into bare repository '/home/test/.npm/_git-remotes/git-github-com-run-sequence-1330dee0'...
21 error git clone git@github.com:run/sequence Warning: Permanently added 'github.com,192.30.253.112' (RSA) to the list of known hosts.
21 error git clone git@github.com:run/sequence Permission denied (publickey).
21 error git clone git@github.com:run/sequence fatal: Could not read from remote repository.
21 error git clone git@github.com:run/sequence
21 error git clone git@github.com:run/sequence Please make sure you have the correct access rights
21 error git clone git@github.com:run/sequence and the repository exists.
22 silly lockFile 1330dee0-git-github-com-run-sequence git@github.com:run/sequence
23 silly lockFile 4def3978-run-sequence run/sequence
24 silly lockFile 4def3978-run-sequence run/sequence
25 error addLocal Could not install run/sequence
26 error Error: ENOENT, stat 'run/sequence'
27 error If you need help, you may report this log at:
27 error     <http://github.com/isaacs/npm/issues>
27 error or email it to:
27 error     <npm-@googlegroups.com>
28 error System Linux 3.13.0-100-generic
29 error command "/usr/bin/nodejs" "/usr/bin/npm" "install" "run/sequence" "--save-dev"
30 error cwd /home/test/Repos/ejke-github-io/ejke.github.io
31 error node -v v0.10.25
32 error npm -v 1.3.10
33 error path run/sequence
34 error code ENOENT
35 error errno 34
36 verbose exit [ 34, true ]
